Determining if the pthread_create exist failed with the following output:
Change Dir: /home/fregu856/Summer17/Laptop/ROS_code/catkin_ws/build/CMakeFiles/CMakeTmp

Run Build Command:"/usr/bin/make" "cmTC_b88a2/fast"
/usr/bin/make -f CMakeFiles/cmTC_b88a2.dir/build.make CMakeFiles/cmTC_b88a2.dir/build
make[1]: Entering directory '/home/fregu856/Summer17/Laptop/ROS_code/catkin_ws/build/CMakeFiles/CMakeTmp'
Building C object CMakeFiles/cmTC_b88a2.dir/CheckSymbolExists.c.o
/usr/bin/cc     -o CMakeFiles/cmTC_b88a2.dir/CheckSymbolExists.c.o   -c /home/fregu856/Summer17/Laptop/ROS_code/catkin_ws/build/CMakeFiles/CMakeTmp/CheckSymbolExists.c
Linking C executable cmTC_b88a2
/usr/bin/cmake -E cmake_link_script CMakeFiles/cmTC_b88a2.dir/link.txt --verbose=1
/usr/bin/cc       CMakeFiles/cmTC_b88a2.dir/CheckSymbolExists.c.o  -o cmTC_b88a2 -rdynamic 
CMakeFiles/cmTC_b88a2.dir/CheckSymbolExists.c.o: In function `main':
CheckSymbolExists.c:(.text+0x16): undefined reference to `pthread_create'
collect2: error: ld returned 1 exit status
CMakeFiles/cmTC_b88a2.dir/build.make:97: recipe for target 'cmTC_b88a2' failed
make[1]: *** [cmTC_b88a2] Error 1
make[1]: Leaving directory '/home/fregu856/Summer17/Laptop/ROS_code/catkin_ws/build/CMakeFiles/CMakeTmp'
Makefile:126: recipe for target 'cmTC_b88a2/fast' failed
make: *** [cmTC_b88a2/fast] Error 2

File /home/fregu856/Summer17/Laptop/ROS_code/catkin_ws/build/CMakeFiles/CMakeTmp/CheckSymbolExists.c:
/* */
#include <pthread.h>

int main(int argc, char** argv)
{
  (void)argv;
#ifndef pthread_create
  return ((int*)(&pthread_create))[argc];
#else
  (void)argc;
  return 0;
#endif
}

Determining if the function pthread_create exists in the pthreads failed with the following output:
Change Dir: /home/fregu856/Summer17/Laptop/ROS_code/catkin_ws/build/CMakeFiles/CMakeTmp

Run Build Command:"/usr/bin/make" "cmTC_595ed/fast"
/usr/bin/make -f CMakeFiles/cmTC_595ed.dir/build.make CMakeFiles/cmTC_595ed.dir/build
make[1]: Entering directory '/home/fregu856/Summer17/Laptop/ROS_code/catkin_ws/build/CMakeFiles/CMakeTmp'
Building C object CMakeFiles/cmTC_595ed.dir/CheckFunctionExists.c.o
/usr/bin/cc    -DCHECK_FUNCTION_EXISTS=pthread_create   -o CMakeFiles/cmTC_595ed.dir/CheckFunctionExists.c.o   -c /usr/share/cmake-3.5/Modules/CheckFunctionExists.c
Linking C executable cmTC_595ed
/usr/bin/cmake -E cmake_link_script CMakeFiles/cmTC_595ed.dir/link.txt --verbose=1
/usr/bin/cc   -DCHECK_FUNCTION_EXISTS=pthread_create    CMakeFiles/cmTC_595ed.dir/CheckFunctionExists.c.o  -o cmTC_595ed -rdynamic -lpthreads 
/usr/bin/ld: cannot find -lpthreads
collect2: error: ld returned 1 exit status
CMakeFiles/cmTC_595ed.dir/build.make:97: recipe for target 'cmTC_595ed' failed
make[1]: *** [cmTC_595ed] Error 1
make[1]: Leaving directory '/home/fregu856/Summer17/Laptop/ROS_code/catkin_ws/build/CMakeFiles/CMakeTmp'
Makefile:126: recipe for target 'cmTC_595ed/fast' failed
make: *** [cmTC_595ed/fast] Error 2


Determining if the Q_WS_WIN exist failed with the following output:
Change Dir: /home/fregu856/Summer17/Laptop/ROS_code/catkin_ws/build/CMakeFiles/CMakeTmp

Run Build Command:"/usr/bin/make" "cmTC_d174c/fast"
/usr/bin/make -f CMakeFiles/cmTC_d174c.dir/build.make CMakeFiles/cmTC_d174c.dir/build
make[1]: Entering directory '/home/fregu856/Summer17/Laptop/ROS_code/catkin_ws/build/CMakeFiles/CMakeTmp'
Building CXX object CMakeFiles/cmTC_d174c.dir/CheckSymbolExists.cxx.o
/usr/bin/c++    -I/usr/include/qt4   -o CMakeFiles/cmTC_d174c.dir/CheckSymbolExists.cxx.o -c /home/fregu856/Summer17/Laptop/ROS_code/catkin_ws/build/CMakeFiles/CMakeTmp/CheckSymbolExists.cxx
/home/fregu856/Summer17/Laptop/ROS_code/catkin_ws/build/CMakeFiles/CMakeTmp/CheckSymbolExists.cxx: In function ‘int main(int, char**)’:
/home/fregu856/Summer17/Laptop/ROS_code/catkin_ws/build/CMakeFiles/CMakeTmp/CheckSymbolExists.cxx:8:19: error: ‘Q_WS_WIN’ was not declared in this scope
   return ((int*)(&Q_WS_WIN))[argc];
                   ^
CMakeFiles/cmTC_d174c.dir/build.make:65: recipe for target 'CMakeFiles/cmTC_d174c.dir/CheckSymbolExists.cxx.o' failed
make[1]: *** [CMakeFiles/cmTC_d174c.dir/CheckSymbolExists.cxx.o] Error 1
make[1]: Leaving directory '/home/fregu856/Summer17/Laptop/ROS_code/catkin_ws/build/CMakeFiles/CMakeTmp'
Makefile:126: recipe for target 'cmTC_d174c/fast' failed
make: *** [cmTC_d174c/fast] Error 2

File /home/fregu856/Summer17/Laptop/ROS_code/catkin_ws/build/CMakeFiles/CMakeTmp/CheckSymbolExists.cxx:
/* */
#include <QtCore/qglobal.h>

int main(int argc, char** argv)
{
  (void)argv;
#ifndef Q_WS_WIN
  return ((int*)(&Q_WS_WIN))[argc];
#else
  (void)argc;
  return 0;
#endif
}

Determining if the Q_WS_QWS exist failed with the following output:
Change Dir: /home/fregu856/Summer17/Laptop/ROS_code/catkin_ws/build/CMakeFiles/CMakeTmp

Run Build Command:"/usr/bin/make" "cmTC_99e32/fast"
/usr/bin/make -f CMakeFiles/cmTC_99e32.dir/build.make CMakeFiles/cmTC_99e32.dir/build
make[1]: Entering directory '/home/fregu856/Summer17/Laptop/ROS_code/catkin_ws/build/CMakeFiles/CMakeTmp'
Building CXX object CMakeFiles/cmTC_99e32.dir/CheckSymbolExists.cxx.o
/usr/bin/c++    -I/usr/include/qt4   -o CMakeFiles/cmTC_99e32.dir/CheckSymbolExists.cxx.o -c /home/fregu856/Summer17/Laptop/ROS_code/catkin_ws/build/CMakeFiles/CMakeTmp/CheckSymbolExists.cxx
/home/fregu856/Summer17/Laptop/ROS_code/catkin_ws/build/CMakeFiles/CMakeTmp/CheckSymbolExists.cxx: In function ‘int main(int, char**)’:
/home/fregu856/Summer17/Laptop/ROS_code/catkin_ws/build/CMakeFiles/CMakeTmp/CheckSymbolExists.cxx:8:19: error: ‘Q_WS_QWS’ was not declared in this scope
   return ((int*)(&Q_WS_QWS))[argc];
                   ^
CMakeFiles/cmTC_99e32.dir/build.make:65: recipe for target 'CMakeFiles/cmTC_99e32.dir/CheckSymbolExists.cxx.o' failed
make[1]: *** [CMakeFiles/cmTC_99e32.dir/CheckSymbolExists.cxx.o] Error 1
make[1]: Leaving directory '/home/fregu856/Summer17/Laptop/ROS_code/catkin_ws/build/CMakeFiles/CMakeTmp'
Makefile:126: recipe for target 'cmTC_99e32/fast' failed
make: *** [cmTC_99e32/fast] Error 2

File /home/fregu856/Summer17/Laptop/ROS_code/catkin_ws/build/CMakeFiles/CMakeTmp/CheckSymbolExists.cxx:
/* */
#include <QtCore/qglobal.h>

int main(int argc, char** argv)
{
  (void)argv;
#ifndef Q_WS_QWS
  return ((int*)(&Q_WS_QWS))[argc];
#else
  (void)argc;
  return 0;
#endif
}

Determining if the Q_WS_MAC exist failed with the following output:
Change Dir: /home/fregu856/Summer17/Laptop/ROS_code/catkin_ws/build/CMakeFiles/CMakeTmp

Run Build Command:"/usr/bin/make" "cmTC_77378/fast"
/usr/bin/make -f CMakeFiles/cmTC_77378.dir/build.make CMakeFiles/cmTC_77378.dir/build
make[1]: Entering directory '/home/fregu856/Summer17/Laptop/ROS_code/catkin_ws/build/CMakeFiles/CMakeTmp'
Building CXX object CMakeFiles/cmTC_77378.dir/CheckSymbolExists.cxx.o
/usr/bin/c++    -I/usr/include/qt4   -o CMakeFiles/cmTC_77378.dir/CheckSymbolExists.cxx.o -c /home/fregu856/Summer17/Laptop/ROS_code/catkin_ws/build/CMakeFiles/CMakeTmp/CheckSymbolExists.cxx
/home/fregu856/Summer17/Laptop/ROS_code/catkin_ws/build/CMakeFiles/CMakeTmp/CheckSymbolExists.cxx: In function ‘int main(int, char**)’:
/home/fregu856/Summer17/Laptop/ROS_code/catkin_ws/build/CMakeFiles/CMakeTmp/CheckSymbolExists.cxx:8:19: error: ‘Q_WS_MAC’ was not declared in this scope
   return ((int*)(&Q_WS_MAC))[argc];
                   ^
CMakeFiles/cmTC_77378.dir/build.make:65: recipe for target 'CMakeFiles/cmTC_77378.dir/CheckSymbolExists.cxx.o' failed
make[1]: *** [CMakeFiles/cmTC_77378.dir/CheckSymbolExists.cxx.o] Error 1
make[1]: Leaving directory '/home/fregu856/Summer17/Laptop/ROS_code/catkin_ws/build/CMakeFiles/CMakeTmp'
Makefile:126: recipe for target 'cmTC_77378/fast' failed
make: *** [cmTC_77378/fast] Error 2

File /home/fregu856/Summer17/Laptop/ROS_code/catkin_ws/build/CMakeFiles/CMakeTmp/CheckSymbolExists.cxx:
/* */
#include <QtCore/qglobal.h>

int main(int argc, char** argv)
{
  (void)argv;
#ifndef Q_WS_MAC
  return ((int*)(&Q_WS_MAC))[argc];
#else
  (void)argc;
  return 0;
#endif
}

